<?xml version="1.0" encoding="UTF-8"?>
<testng-results ignored="0" total="1" passed="1" failed="0" skipped="0">
  <reporter-output>
  </reporter-output>
  <suite started-at="2025-03-20T20:10:02 IST" name="Default suite" finished-at="2025-03-20T20:11:05 IST" duration-ms="62801">
    <groups>
    </groups>
    <test started-at="2025-03-20T20:10:02 IST" name="Default test" finished-at="2025-03-20T20:11:05 IST" duration-ms="62801">
      <class name="pomTests.RegistrationTest">
        <test-method is-config="true" signature="setUp()[pri:0, instance:pomTests.RegistrationTest@4550bb58]" started-at="2025-03-20T20:10:02 IST" name="setUp" finished-at="2025-03-20T20:10:28 IST" duration-ms="25874" status="PASS">
          <reporter-output>
          </reporter-output>
        </test-method> <!-- setUp -->
        <test-method signature="registerUSer()[pri:0, instance:pomTests.RegistrationTest@4550bb58]" started-at="2025-03-20T20:10:28 IST" name="registerUSer" finished-at="2025-03-20T20:11:05 IST" duration-ms="36513" status="PASS">
          <reporter-output>
          </reporter-output>
        </test-method> <!-- registerUSer -->
        <test-method is-config="true" signature="tearDown()[pri:0, instance:pomTests.RegistrationTest@4550bb58]" started-at="2025-03-20T20:11:05 IST" name="tearDown" finished-at="2025-03-20T20:11:05 IST" duration-ms="329" status="PASS">
          <reporter-output>
          </reporter-output>
        </test-method> <!-- tearDown -->
      </class> <!-- pomTests.RegistrationTest -->
    </test> <!-- Default test -->
  </suite> <!-- Default suite -->
</testng-results>
